0 info it worked if it ends with ok
1 verbose cli [ 'node', '/usr/local/bin/npm', '-g', 'install', 'phonegap' ]
2 info using npm@2.7.1
3 info using node@v0.10.32
4 silly cache add args [ 'phonegap', null ]
5 verbose cache add spec phonegap
6 silly cache add parsed spec { raw: 'phonegap',
6 silly cache add   scope: null,
6 silly cache add   name: 'phonegap',
6 silly cache add   rawSpec: '',
6 silly cache add   spec: '*',
6 silly cache add   type: 'range' }
7 verbose addNamed phonegap@*
8 silly addNamed semver.valid null
9 silly addNamed semver.validRange *
10 silly addNameRange { name: 'phonegap', range: '*', hasData: false }
11 silly mapToRegistry name phonegap
12 silly mapToRegistry using default registry
13 silly mapToRegistry registry https://registry.npmjs.org/
14 silly mapToRegistry uri https://registry.npmjs.org/phonegap
15 verbose addNameRange registry:https://registry.npmjs.org/phonegap not in flight; fetching
16 verbose request uri https://registry.npmjs.org/phonegap
17 verbose request no auth needed
18 info attempt registry request try #1 at 08:22:31
19 verbose request id f523fa3030e08694
20 verbose etag "5ZVC93V20YIPWZK089YGFECW7"
21 http request GET https://registry.npmjs.org/phonegap
22 http 304 https://registry.npmjs.org/phonegap
23 silly get cb [ 304,
23 silly get   { date: 'Wed, 08 Apr 2015 11:22:31 GMT',
23 silly get     server: 'Apache',
23 silly get     via: '1.1 varnish',
23 silly get     'last-modified': 'Wed, 08 Apr 2015 11:22:31 GMT',
23 silly get     'cache-control': 'max-age=60',
23 silly get     etag: '"5ZVC93V20YIPWZK089YGFECW7"',
23 silly get     age: '0',
23 silly get     'x-served-by': 'cache-atl6222-ATL',
23 silly get     'x-cache': 'HIT',
23 silly get     'x-cache-hits': '1',
23 silly get     'x-timer': 'S1428492151.312015,VS0,VE29',
23 silly get     vary: 'Accept',
23 silly get     'content-length': '0',
23 silly get     'keep-alive': 'timeout=10, max=50',
23 silly get     connection: 'Keep-Alive' } ]
24 verbose etag https://registry.npmjs.org/phonegap from cache
25 verbose get saving phonegap to /Users/Matheus/.npm/registry.npmjs.org/phonegap/.cache.json
26 silly addNameRange number 2 { name: 'phonegap', range: '*', hasData: true }
27 silly addNameRange versions [ 'phonegap',
27 silly addNameRange   [ '0.2.0',
27 silly addNameRange     '0.2.1',
27 silly addNameRange     '0.2.2',
27 silly addNameRange     '0.3.0',
27 silly addNameRange     '0.4.0',
27 silly addNameRange     '0.4.1',
27 silly addNameRange     '0.5.0',
27 silly addNameRange     '0.6.0',
27 silly addNameRange     '0.6.1',
27 silly addNameRange     '0.7.0',
27 silly addNameRange     '0.7.1',
27 silly addNameRange     '0.7.2',
27 silly addNameRange     '0.7.3',
27 silly addNameRange     '0.7.4',
27 silly addNameRange     '0.7.5',
27 silly addNameRange     '0.7.6',
27 silly addNameRange     '0.7.7',
27 silly addNameRange     '0.7.8',
27 silly addNameRange     '0.8.0',
27 silly addNameRange     '0.8.1',
27 silly addNameRange     '0.9.0',
27 silly addNameRange     '0.9.1',
27 silly addNameRange     '0.9.2',
27 silly addNameRange     '0.9.3',
27 silly addNameRange     '0.9.4',
27 silly addNameRange     '2.8.0-0.10.0',
27 silly addNameRange     '2.8.0-0.10.1',
27 silly addNameRange     '2.8.0-0.10.2',
27 silly addNameRange     '2.8.0-0.10.3',
27 silly addNameRange     '2.8.0-0.10.4',
27 silly addNameRange     '2.8.0-0.10.6',
27 silly addNameRange     '2.8.1-0.11.0',
27 silly addNameRange     '2.9.0-0.12.2',
27 silly addNameRange     '2.9.0-0.12.3',
27 silly addNameRange     '2.9.0-0.12.4',
27 silly addNameRange     '2.9.0-0.12.5',
27 silly addNameRange     '2.9.0-0.12.6',
27 silly addNameRange     '2.9.0-0.12.7',
27 silly addNameRange     '2.9.0-0.12.8',
27 silly addNameRange     '2.9.0-rc1-0.12.0',
27 silly addNameRange     '2.9.0-rc1-0.12.1',
27 silly addNameRange     '2.9.0-rc1-0.12.2',
27 silly addNameRange     '2.9.0-0.12.9',
27 silly addNameRange     '2.9.0-0.12.10',
27 silly addNameRange     '2.9.0-0.12.11',
27 silly addNameRange     '2.9.0-0.13.0',
27 silly addNameRange     '2.9.0-0.13.1',
27 silly addNameRange     '2.9.0-0.13.2',
27 silly addNameRange     '3.0.0-rc1-0.13.2',
27 silly addNameRange     '3.0.0-rc1-0.13.3',
27 silly addNameRange     '3.0.0-0.14.0',
27 silly addNameRange     '3.0.0-0.14.1',
27 silly addNameRange     '3.0.0-0.14.2',
27 silly addNameRange     '3.0.0-0.14.3',
27 silly addNameRange     '3.0.0-0.14.4',
27 silly addNameRange     '3.1.0-0.15.0',
27 silly addNameRange     '3.2.0-0.15.0',
27 silly addNameRange     '3.2.0-0.16.0',
27 silly addNameRange     '3.2.0-0.17.0',
27 silly addNameRange     '3.2.0-0.17.1',
27 silly addNameRange     '3.3.0-0.17.1',
27 silly addNameRange     '3.3.0-0.18.0',
27 silly addNameRange     '3.3.0-0.18.1',
27 silly addNameRange     '3.3.0-0.19.0',
27 silly addNameRange     '3.3.0-0.19.1',
27 silly addNameRange     '3.3.0-0.19.2',
27 silly addNameRange     '3.3.0-0.19.3',
27 silly addNameRange     '3.3.0-0.19.4',
27 silly addNameRange     '3.3.0-0.19.5',
27 silly addNameRange     '3.3.0-0.19.6',
27 silly addNameRange     '3.4.0-0.19.7',
27 silly addNameRange     '3.4.0-0.19.8',
27 silly addNameRange     '3.4.0-0.19.9',
27 silly addNameRange     '3.4.0-0.19.10',
27 silly addNameRange     '3.4.0-0.19.11',
27 silly addNameRange     '3.4.0-0.19.12',
27 silly addNameRange     '3.4.0-0.19.13',
27 silly addNameRange     '3.4.0-0.19.14',
27 silly addNameRange     '3.4.0-0.19.15',
27 silly addNameRange     '3.4.0-0.19.16',
27 silly addNameRange     '3.4.0-0.19.17',
27 silly addNameRange     '3.4.0-0.19.18',
27 silly addNameRange     '3.4.0-0.19.19',
27 silly addNameRange     '3.4.0-0.19.20',
27 silly addNameRange     '3.4.0-0.19.21',
27 silly addNameRange     '3.4.0-0.20.0',
27 silly addNameRange     '3.5.0-0.19.23',
27 silly addNameRange     '3.5.0-0.20.0',
27 silly addNameRange     '3.5.0-0.20.1',
27 silly addNameRange     '3.5.0-0.20.3',
27 silly addNameRange     '3.5.0-0.20.4',
27 silly addNameRange     '3.5.0-0.20.5',
27 silly addNameRange     '3.5.0-0.20.6',
27 silly addNameRange     '3.5.0-0.20.7',
27 silly addNameRange     '3.5.0-0.20.9',
27 silly addNameRange     '3.5.0-0.20.10',
27 silly addNameRange     '3.5.0-0.20.14',
27 silly addNameRange     '3.5.0-0.21.14',
27 silly addNameRange     '3.5.0-0.21.15',
27 silly addNameRange     '3.5.0-0.21.16',
27 silly addNameRange     '3.5.0-0.21.17',
27 silly addNameRange     '3.5.0-0.21.18',
27 silly addNameRange     '3.6.0-0.21.18',
27 silly addNameRange     '3.6.0-0.21.19',
27 silly addNameRange     '3.6.3-0.22.0',
27 silly addNameRange     '3.6.3-0.22.1',
27 silly addNameRange     '3.6.3-0.22.2',
27 silly addNameRange     '3.6.3-0.22.3',
27 silly addNameRange     '3.6.3-0.22.4',
27 silly addNameRange     '3.6.3-0.22.5',
27 silly addNameRange     '3.6.3-0.22.6',
27 silly addNameRange     '3.6.3-0.22.7',
27 silly addNameRange     '4.0.0-0.22.7',
27 silly addNameRange     '4.1.2-0.22.7',
27 silly addNameRange     '4.1.2-0.22.8',
27 silly addNameRange     '4.1.2-0.22.9',
27 silly addNameRange     '4.1.2-0.22.10',
27 silly addNameRange     '4.1.2-0.22.11',
27 silly addNameRange     '4.1.2-0.22.12',
27 silly addNameRange     '4.2.0-0.23.0',
27 silly addNameRange     '4.2.0-0.24.0',
27 silly addNameRange     '4.2.0-0.24.1',
27 silly addNameRange     '4.2.0-0.24.2',
27 silly addNameRange     '4.2.0-0.25.0' ] ]
28 verbose addNamed phonegap@4.2.0-0.25.0
29 silly addNamed semver.valid 4.2.0-0.25.0
30 silly addNamed semver.validRange 4.2.0-0.25.0
31 silly cache afterAdd phonegap@4.2.0-0.25.0
32 verbose afterAdd /Users/Matheus/.npm/phonegap/4.2.0-0.25.0/package/package.json not in flight; writing
33 verbose afterAdd /Users/Matheus/.npm/phonegap/4.2.0-0.25.0/package/package.json written
34 silly install resolved [ { name: 'phonegap',
34 silly install resolved     description: 'PhoneGap command-line interface and node.js library.',
34 silly install resolved     version: '4.2.0-0.25.0',
34 silly install resolved     homepage: 'http://github.com/phonegap/phonegap-cli',
34 silly install resolved     repository:
34 silly install resolved      { type: 'git',
34 silly install resolved        url: 'git://github.com/phonegap/phonegap-cli.git' },
34 silly install resolved     keywords:
34 silly install resolved      [ 'cli',
34 silly install resolved        'cordova',
34 silly install resolved        'phonegap',
34 silly install resolved        'phonegap build',
34 silly install resolved        'phonegap/build' ],
34 silly install resolved     preferGlobal: 'true',
34 silly install resolved     main: './lib/main.js',
34 silly install resolved     bin: { phonegap: './bin/phonegap.js' },
34 silly install resolved     scripts: { test: 'jasmine-node --color spec' },
34 silly install resolved     engineStrict: 'true',
34 silly install resolved     engines: { node: '>=0.10.0' },
34 silly install resolved     dependencies:
34 silly install resolved      { colors: '0.6.0-1',
34 silly install resolved        'connect-phonegap': '0.15.0',
34 silly install resolved        cordova: '4.2.0',
34 silly install resolved        minimist: '0.1.0',
34 silly install resolved        'phonegap-build': '0.9.1',
34 silly install resolved        pluralize: '0.0.4',
34 silly install resolved        prompt: '0.2.11',
34 silly install resolved        'qrcode-terminal': '0.9.4',
34 silly install resolved        semver: '1.1.0',
34 silly install resolved        shelljs: '0.1.4' },
34 silly install resolved     devDependencies: { 'jasmine-node': '1.14.5', chdir: '0.0.x' },
34 silly install resolved     optionalDependencies: {},
34 silly install resolved     contributors: [ [Object], [Object], [Object], [Object], [Object] ],
34 silly install resolved     templates:
34 silly install resolved      { blank: [Object],
34 silly install resolved        'hello-world': [Object],
34 silly install resolved        'hello-cordova': [Object] },
34 silly install resolved     gitHead: '49c182b580c1ec293b63ae89ffb94671785dab72',
34 silly install resolved     bugs: { url: 'https://github.com/phonegap/phonegap-cli/issues' },
34 silly install resolved     _id: 'phonegap@4.2.0-0.25.0',
34 silly install resolved     _shasum: '4a42345ea58aa4d3c40656279ce5da36939cc0fe',
34 silly install resolved     _from: 'phonegap@*',
34 silly install resolved     _npmVersion: '2.5.1',
34 silly install resolved     _nodeVersion: '0.12.1',
34 silly install resolved     _npmUser: { name: 'hermwong', email: 'herm.wong@gmail.com' },
34 silly install resolved     maintainers: [ [Object], [Object], [Object], [Object] ],
34 silly install resolved     dist:
34 silly install resolved      { shasum: '4a42345ea58aa4d3c40656279ce5da36939cc0fe',
34 silly install resolved        tarball: 'http://registry.npmjs.org/phonegap/-/phonegap-4.2.0-0.25.0.tgz' },
34 silly install resolved     directories: {},
34 silly install resolved     _resolved: 'https://registry.npmjs.org/phonegap/-/phonegap-4.2.0-0.25.0.tgz',
34 silly install resolved     readme: 'ERROR: No README data found!' } ]
35 info install phonegap@4.2.0-0.25.0 into /usr/local/lib
36 info installOne phonegap@4.2.0-0.25.0
37 verbose installOne of phonegap to /usr/local/lib not in flight; installing
38 verbose lock using /Users/Matheus/.npm/_locks/phonegap-e2bb9ce47409f16e.lock for /usr/local/lib/node_modules/phonegap
39 silly install write writing phonegap 4.2.0-0.25.0 to /usr/local/lib/node_modules/phonegap
40 silly cache addNamed cb phonegap@4.2.0-0.25.0
41 verbose unbuild lib/node_modules/phonegap
42 verbose gentlyRm vacuuming /usr/local/lib/node_modules/phonegap
43 silly gentlyRm purging /usr/local/lib/node_modules/phonegap
44 verbose unlock done using /Users/Matheus/.npm/_locks/phonegap-e2bb9ce47409f16e.lock for /usr/local/lib/node_modules/phonegap
45 verbose stack Error: ENOTEMPTY, rmdir '/usr/local/lib/node_modules/phonegap/node_modules/shelljs/test/resources/ls'
46 verbose cwd /Applications/MAMP/htdocs/RMatriApp
47 error Darwin 14.1.0
48 error argv "node" "/usr/local/bin/npm" "-g" "install" "phonegap"
49 error node v0.10.32
50 error npm  v2.7.1
51 error path /usr/local/lib/node_modules/phonegap/node_modules/shelljs/test/resources/ls
52 error code ENOTEMPTY
53 error errno 53
54 error ENOTEMPTY, rmdir '/usr/local/lib/node_modules/phonegap/node_modules/shelljs/test/resources/ls'
55 error If you need help, you may report this error at:
55 error     <https://github.com/npm/npm/issues>
56 verbose exit [ 53, true ]
57 verbose unbuild lib/node_modules/phonegap
58 verbose gentlyRm vacuuming /usr/local/lib/node_modules/phonegap
59 silly gentlyRm purging /usr/local/lib/node_modules/phonegap
60 error error rolling back Error: ENOTEMPTY, rmdir '/usr/local/lib/node_modules/phonegap/node_modules/shelljs/test/resources/ls'
60 error error rolling back  { [Error: ENOTEMPTY, rmdir '/usr/local/lib/node_modules/phonegap/node_modules/shelljs/test/resources/ls']
60 error error rolling back   errno: 53,
60 error error rolling back   code: 'ENOTEMPTY',
60 error error rolling back   path: '/usr/local/lib/node_modules/phonegap/node_modules/shelljs/test/resources/ls' }
